<?xml version="1.0" encoding="UTF-8"?>
<!-- Generated by org.testng.reporters.JUnitXMLReporter -->
<testsuite ignored="5" hostname="Swarnadeeps-MacBook-Pro.local" failures="0" tests="2" name="GroupingTest" time="0.053" errors="0" timestamp="2024-06-29T16:34:58 EDT">
  <testcase classname="testNGPractice.TestNGGrouping" name="TestExecution1" time="0.007"/>
  <testcase classname="testNGPractice.TestNGGrouping" name="TestExecution3" time="0.002"/>
  <testcase classname="testNGPractice.TestNGGrouping" name="TestExecution5" time="0.0">
    <ignored/>
  </testcase> <!-- TestExecution5 -->
  <testcase classname="testNGPractice.TestNGGrouping" name="TestExecution4" time="0.0">
    <ignored/>
  </testcase> <!-- TestExecution4 -->
  <testcase classname="testNGPractice.TestNGGrouping" name="TestExecution2" time="0.0">
    <ignored/>
  </testcase> <!-- TestExecution2 -->
  <testcase classname="testNGPractice.TestNGGrouping" name="TestExecution7" time="0.0">
    <ignored/>
  </testcase> <!-- TestExecution7 -->
  <testcase classname="testNGPractice.TestNGGrouping" name="TestExecution6" time="0.0">
    <ignored/>
  </testcase> <!-- TestExecution6 -->
</testsuite> <!-- GroupingTest -->
