<?xml version="1.0" encoding="UTF-8"?>
<testng-results ignored="0" total="1" passed="1" failed="0" skipped="0">
  <reporter-output>
  </reporter-output>
  <suite started-at="2024-07-13T03:30:00 EDT" name="Default suite" finished-at="2024-07-13T03:30:15 EDT" duration-ms="14271">
    <groups>
      <group name="cucumber">
        <method signature="AbstractTestNGCucumberTests.runScenario(io.cucumber.testng.PickleWrapper,io.cucumber.testng.FeatureWrapper)[pri:0, instance:runner.RunnerFile@593aaf41]" name="runScenario" class="io.cucumber.testng.AbstractTestNGCucumberTests"/>
      </group> <!-- cucumber -->
    </groups>
    <test started-at="2024-07-13T03:30:00 EDT" name="Default test" finished-at="2024-07-13T03:30:15 EDT" duration-ms="14271">
      <class name="runner.RunnerFile">
        <test-method is-config="true" signature="setUpClass(org.testng.ITestContext)[pri:0, instance:runner.RunnerFile@593aaf41]" started-at="2024-07-13T03:30:00 EDT" name="setUpClass" finished-at="2024-07-13T03:30:01 EDT" duration-ms="490" status="PASS">
          <params>
            <param index="0">
              <value>
                <![CDATA[org.testng.TestRunner@5a515e5d]]>
              </value>
            </param>
          </params>
          <reporter-output>
          </reporter-output>
        </test-method> <!-- setUpClass -->
        <test-method signature="runScenario(io.cucumber.testng.PickleWrapper,io.cucumber.testng.FeatureWrapper)[pri:0, instance:runner.RunnerFile@593aaf41]" started-at="2024-07-13T03:30:01 EDT" name="runScenario" description="Runs Cucumber Scenarios" data-provider="scenarios" finished-at="2024-07-13T03:30:15 EDT" duration-ms="13640" status="PASS">
          <params>
            <param index="0">
              <value>
                <![CDATA["Successful Login Nexus Run"]]>
              </value>
            </param>
            <param index="1">
              <value>
                <![CDATA["Optional[Login Nexus]"]]>
              </value>
            </param>
          </params>
          <reporter-output>
          </reporter-output>
        </test-method> <!-- runScenario -->
        <test-method is-config="true" signature="tearDownClass()[pri:0, instance:runner.RunnerFile@593aaf41]" started-at="2024-07-13T03:30:15 EDT" name="tearDownClass" finished-at="2024-07-13T03:30:15 EDT" duration-ms="99" status="PASS">
          <reporter-output>
          </reporter-output>
        </test-method> <!-- tearDownClass -->
      </class> <!-- runner.RunnerFile -->
    </test> <!-- Default test -->
  </suite> <!-- Default suite -->
</testng-results>
